<?xml version="1.0" encoding="UTF-8"?>
<testng-results ignored="0" total="2" passed="2" failed="0" skipped="0">
  <reporter-output>
  </reporter-output>
  <suite started-at="2023-07-14T17:46:24 IST" name="Suite" finished-at="2023-07-14T17:46:32 IST" duration-ms="7872">
    <groups>
    </groups>
    <test started-at="2023-07-14T17:46:24 IST" name="Test" finished-at="2023-07-14T17:46:32 IST" duration-ms="7872">
      <class name="testNgPackage.TestNg1">
        <test-method signature="run()[pri:0, instance:testNgPackage.TestNg1@67c33749]" started-at="2023-07-14T17:46:24 IST" name="run" finished-at="2023-07-14T17:46:30 IST" duration-ms="5403" status="PASS">
          <reporter-output>
          </reporter-output>
        </test-method> <!-- run -->
        <test-method signature="run1()[pri:0, instance:testNgPackage.TestNg1@67c33749]" started-at="2023-07-14T17:46:30 IST" name="run1" finished-at="2023-07-14T17:46:32 IST" duration-ms="2438" status="PASS">
          <reporter-output>
          </reporter-output>
        </test-method> <!-- run1 -->
      </class> <!-- testNgPackage.TestNg1 -->
    </test> <!-- Test -->
  </suite> <!-- Suite -->
</testng-results>
